<?xml version="1.0" encoding="UTF-8"?>
<robot generator="Robot 7.1.1 (Python 3.12.3 on linux)" generated="2024-11-14T17:58:51.297258" rpa="false" schemaversion="5">
<suite id="s1" name="Tests" source="/home/emil-06737/Projects/webcounter/src/tests">
<suite id="s1-s1" name="Increment" source="/home/emil-06737/Projects/webcounter/src/tests/increment.robot">
<kw name="Open And Configure Browser" owner="resource" type="SETUP">
<if>
<branch type="IF" condition="$BROWSER == 'chrome'">
<kw name="Evaluate" owner="BuiltIn">
<msg time="2024-11-14T17:58:51.491928" level="INFO">${options} = &lt;selenium.webdriver.chrome.options.Options object at 0x7f29ac7966c0&gt;</msg>
<var>${options}</var>
<arg>sys.modules['selenium.webdriver'].ChromeOptions()</arg>
<arg>sys</arg>
<doc>Evaluates the given expression in Python and returns the result.</doc>
<status status="PASS" start="2024-11-14T17:58:51.491497" elapsed="0.000484"/>
</kw>
<status status="PASS" start="2024-11-14T17:58:51.490497" elapsed="0.001585"/>
</branch>
<branch type="ELSE IF" condition="$BROWSER == 'firefox'">
<kw name="Evaluate" owner="BuiltIn">
<var>${options}</var>
<arg>sys.modules['selenium.webdriver'].FirefoxOptions()</arg>
<arg>sys</arg>
<doc>Evaluates the given expression in Python and returns the result.</doc>
<status status="NOT RUN" start="2024-11-14T17:58:51.492288" elapsed="0.000036"/>
</kw>
<status status="NOT RUN" start="2024-11-14T17:58:51.492148" elapsed="0.000240"/>
</branch>
<status status="PASS" start="2024-11-14T17:58:51.490466" elapsed="0.001972"/>
</if>
<if>
<branch type="IF" condition="$HEADLESS == 'true'">
<kw name="Set Selenium Speed" owner="SeleniumLibrary">
<arg>0</arg>
<doc>Sets the delay that is waited after each Selenium command.</doc>
<status status="NOT RUN" start="2024-11-14T17:58:51.492759" elapsed="0.000156"/>
</kw>
<kw name="Call Method" owner="BuiltIn">
<arg>${options}</arg>
<arg>add_argument</arg>
<arg>--headless</arg>
<doc>Calls the named method of the given object with the provided arguments.</doc>
<status status="NOT RUN" start="2024-11-14T17:58:51.493036" elapsed="0.000035"/>
</kw>
<status status="NOT RUN" start="2024-11-14T17:58:51.492519" elapsed="0.000608"/>
</branch>
<branch type="ELSE">
<kw name="Set Selenium Speed" owner="SeleniumLibrary">
<arg>${DELAY}</arg>
<doc>Sets the delay that is waited after each Selenium command.</doc>
<status status="PASS" start="2024-11-14T17:58:51.493296" elapsed="0.000274"/>
</kw>
<status status="PASS" start="2024-11-14T17:58:51.493180" elapsed="0.000448"/>
</branch>
<status status="PASS" start="2024-11-14T17:58:51.492497" elapsed="0.001175"/>
</if>
<kw name="Open Browser" owner="SeleniumLibrary">
<msg time="2024-11-14T17:58:51.494101" level="INFO">Opening browser 'chrome' to base url 'None'.</msg>
<arg>browser=${BROWSER}</arg>
<arg>options=${options}</arg>
<doc>Opens a new browser instance to the optional ``url``.</doc>
<status status="PASS" start="2024-11-14T17:58:51.493813" elapsed="1.355731"/>
</kw>
<status status="PASS" start="2024-11-14T17:58:51.490216" elapsed="1.359595"/>
</kw>
<test id="s1-s1-t1" name="At start the counter is zero" line="7">
<kw name="Go To" owner="SeleniumLibrary">
<msg time="2024-11-14T17:58:52.851799" level="INFO">Opening url 'http://localhost:5001'</msg>
<arg>${HOME_URL}</arg>
<doc>Navigates the current browser window to the provided ``url``.</doc>
<status status="PASS" start="2024-11-14T17:58:52.851095" elapsed="0.600572"/>
</kw>
<kw name="Title Should Be" owner="SeleniumLibrary">
<msg time="2024-11-14T17:58:53.971123" level="INFO">Page title is 'Laskuri'.</msg>
<arg>Laskuri</arg>
<doc>Verifies that the current page title equals ``title``.</doc>
<status status="PASS" start="2024-11-14T17:58:53.452344" elapsed="0.519046"/>
</kw>
<kw name="Page Should Contain" owner="SeleniumLibrary">
<msg time="2024-11-14T17:58:55.018745" level="INFO">Current page contains text 'nappia painettu 0 kertaa'.</msg>
<arg>nappia painettu 0 kertaa</arg>
<doc>Verifies that current page contains ``text``.</doc>
<status status="PASS" start="2024-11-14T17:58:53.972004" elapsed="1.046932"/>
</kw>
<status status="PASS" start="2024-11-14T17:58:52.849978" elapsed="2.169263"/>
</test>
<test id="s1-s1-t2" name="When button pressed twice the counter is two" line="12">
<kw name="Go To" owner="SeleniumLibrary">
<msg time="2024-11-14T17:58:55.020324" level="INFO">Opening url 'http://localhost:5001'</msg>
<arg>${HOME_URL}</arg>
<doc>Navigates the current browser window to the provided ``url``.</doc>
<status status="PASS" start="2024-11-14T17:58:55.020121" elapsed="0.536890"/>
</kw>
<kw name="Click Button" owner="SeleniumLibrary">
<msg time="2024-11-14T17:58:55.558513" level="INFO">Clicking button 'Paina'.</msg>
<arg>Paina</arg>
<doc>Clicks the button identified by ``locator``.</doc>
<status status="PASS" start="2024-11-14T17:58:55.557698" elapsed="1.660345"/>
</kw>
<kw name="Click Button" owner="SeleniumLibrary">
<msg time="2024-11-14T17:58:57.219173" level="INFO">Clicking button 'Paina'.</msg>
<arg>Paina</arg>
<doc>Clicks the button identified by ``locator``.</doc>
<status status="PASS" start="2024-11-14T17:58:57.218729" elapsed="1.673718"/>
</kw>
<kw name="Page Should Contain" owner="SeleniumLibrary">
<msg time="2024-11-14T17:58:59.937855" level="INFO">Current page contains text 'nappia painettu 2 kertaa'.</msg>
<arg>nappia painettu 2 kertaa</arg>
<doc>Verifies that current page contains ``text``.</doc>
<status status="PASS" start="2024-11-14T17:58:58.893132" elapsed="1.044986"/>
</kw>
<status status="PASS" start="2024-11-14T17:58:55.019648" elapsed="4.919078"/>
</test>
<kw name="Close Browser" owner="SeleniumLibrary" type="TEARDOWN">
<doc>Closes the current browser.</doc>
<status status="PASS" start="2024-11-14T17:58:59.940234" elapsed="0.606985"/>
</kw>
<status status="PASS" start="2024-11-14T17:58:51.326757" elapsed="9.220586"/>
</suite>
<suite id="s1-s2" name="Reset" source="/home/emil-06737/Projects/webcounter/src/tests/reset.robot">
<kw name="Open And Configure Browser" owner="resource" type="SETUP">
<if>
<branch type="IF" condition="$BROWSER == 'chrome'">
<kw name="Evaluate" owner="BuiltIn">
<msg time="2024-11-14T17:59:00.552235" level="INFO">${options} = &lt;selenium.webdriver.chrome.options.Options object at 0x7f29ac5bb950&gt;</msg>
<var>${options}</var>
<arg>sys.modules['selenium.webdriver'].ChromeOptions()</arg>
<arg>sys</arg>
<doc>Evaluates the given expression in Python and returns the result.</doc>
<status status="PASS" start="2024-11-14T17:59:00.551912" elapsed="0.000387"/>
</kw>
<status status="PASS" start="2024-11-14T17:59:00.551625" elapsed="0.000754"/>
</branch>
<branch type="ELSE IF" condition="$BROWSER == 'firefox'">
<kw name="Evaluate" owner="BuiltIn">
<var>${options}</var>
<arg>sys.modules['selenium.webdriver'].FirefoxOptions()</arg>
<arg>sys</arg>
<doc>Evaluates the given expression in Python and returns the result.</doc>
<status status="NOT RUN" start="2024-11-14T17:59:00.552563" elapsed="0.000036"/>
</kw>
<status status="NOT RUN" start="2024-11-14T17:59:00.552434" elapsed="0.000223"/>
</branch>
<status status="PASS" start="2024-11-14T17:59:00.551588" elapsed="0.001116"/>
</if>
<if>
<branch type="IF" condition="$HEADLESS == 'true'">
<kw name="Set Selenium Speed" owner="SeleniumLibrary">
<arg>0</arg>
<doc>Sets the delay that is waited after each Selenium command.</doc>
<status status="NOT RUN" start="2024-11-14T17:59:00.552994" elapsed="0.000036"/>
</kw>
<kw name="Call Method" owner="BuiltIn">
<arg>${options}</arg>
<arg>add_argument</arg>
<arg>--headless</arg>
<doc>Calls the named method of the given object with the provided arguments.</doc>
<status status="NOT RUN" start="2024-11-14T17:59:00.553196" elapsed="0.000043"/>
</kw>
<status status="NOT RUN" start="2024-11-14T17:59:00.552775" elapsed="0.000544"/>
</branch>
<branch type="ELSE">
<kw name="Set Selenium Speed" owner="SeleniumLibrary">
<arg>${DELAY}</arg>
<doc>Sets the delay that is waited after each Selenium command.</doc>
<status status="PASS" start="2024-11-14T17:59:00.553477" elapsed="0.000272"/>
</kw>
<status status="PASS" start="2024-11-14T17:59:00.553367" elapsed="0.000439"/>
</branch>
<status status="PASS" start="2024-11-14T17:59:00.552756" elapsed="0.001094"/>
</if>
<kw name="Open Browser" owner="SeleniumLibrary">
<msg time="2024-11-14T17:59:00.554408" level="INFO">Opening browser 'chrome' to base url 'None'.</msg>
<arg>browser=${BROWSER}</arg>
<arg>options=${options}</arg>
<doc>Opens a new browser instance to the optional ``url``.</doc>
<status status="PASS" start="2024-11-14T17:59:00.554108" elapsed="0.051777"/>
</kw>
<status status="PASS" start="2024-11-14T17:59:00.551361" elapsed="0.054680"/>
</kw>
<test id="s1-s2-t1" name="When counter has a nonzero value and it is reset the value becomes zero" line="7">
<kw name="Go To" owner="SeleniumLibrary">
<msg time="2024-11-14T17:59:00.606908" level="INFO">Opening url 'http://localhost:5001'</msg>
<arg>${HOME_URL}</arg>
<doc>Navigates the current browser window to the provided ``url``.</doc>
<status status="PASS" start="2024-11-14T17:59:00.606709" elapsed="0.594291"/>
</kw>
<kw name="Click Button" owner="SeleniumLibrary">
<msg time="2024-11-14T17:59:01.202156" level="INFO">Clicking button 'Nollaa'.</msg>
<arg>Nollaa</arg>
<doc>Clicks the button identified by ``locator``.</doc>
<status status="PASS" start="2024-11-14T17:59:01.201630" elapsed="1.674860"/>
</kw>
<kw name="Page Should Contain" owner="SeleniumLibrary">
<msg time="2024-11-14T17:59:03.899771" level="INFO">Current page contains text 'nappia painettu 0 kertaa'.</msg>
<arg>nappia painettu 0 kertaa</arg>
<doc>Verifies that current page contains ``text``.</doc>
<status status="PASS" start="2024-11-14T17:59:02.876849" elapsed="1.023212"/>
</kw>
<kw name="Click Button" owner="SeleniumLibrary">
<msg time="2024-11-14T17:59:03.901091" level="INFO">Clicking button 'Paina'.</msg>
<arg>Paina</arg>
<doc>Clicks the button identified by ``locator``.</doc>
<status status="PASS" start="2024-11-14T17:59:03.900676" elapsed="1.663416"/>
</kw>
<kw name="Page Should Contain" owner="SeleniumLibrary">
<msg time="2024-11-14T17:59:06.608709" level="INFO">Current page contains text 'nappia painettu 1 kertaa'.</msg>
<arg>nappia painettu 1 kertaa</arg>
<doc>Verifies that current page contains ``text``.</doc>
<status status="PASS" start="2024-11-14T17:59:05.564747" elapsed="1.044296"/>
</kw>
<kw name="Click Button" owner="SeleniumLibrary">
<msg time="2024-11-14T17:59:06.610103" level="INFO">Clicking button 'Nollaa'.</msg>
<arg>Nollaa</arg>
<doc>Clicks the button identified by ``locator``.</doc>
<status status="PASS" start="2024-11-14T17:59:06.609644" elapsed="1.659009"/>
</kw>
<kw name="Page Should Contain" owner="SeleniumLibrary">
<msg time="2024-11-14T17:59:09.303693" level="INFO">Current page contains text 'nappia painettu 0 kertaa'.</msg>
<arg>nappia painettu 0 kertaa</arg>
<doc>Verifies that current page contains ``text``.</doc>
<status status="PASS" start="2024-11-14T17:59:08.269346" elapsed="1.034613"/>
</kw>
<status status="PASS" start="2024-11-14T17:59:00.606151" elapsed="8.698363"/>
</test>
<kw name="Close Browser" owner="SeleniumLibrary" type="TEARDOWN">
<doc>Closes the current browser.</doc>
<status status="PASS" start="2024-11-14T17:59:09.305757" elapsed="0.606409"/>
</kw>
<status status="PASS" start="2024-11-14T17:59:00.548235" elapsed="9.364050"/>
</suite>
<status status="PASS" start="2024-11-14T17:58:51.298312" elapsed="18.615313"/>
</suite>
<statistics>
<total>
<stat pass="3" fail="0" skip="0">All Tests</stat>
</total>
<tag>
</tag>
<suite>
<stat pass="3" fail="0" skip="0" id="s1" name="Tests">Tests</stat>
<stat pass="2" fail="0" skip="0" id="s1-s1" name="Increment">Tests.Increment</stat>
<stat pass="1" fail="0" skip="0" id="s1-s2" name="Reset">Tests.Reset</stat>
</suite>
</statistics>
<errors>
</errors>
</robot>
